<?xml version="1.0" encoding="UTF-8"?>
<testng-results ignored="0" total="2" passed="2" failed="0" skipped="0">
  <reporter-output>
  </reporter-output>
  <suite started-at="2022-12-04T11:39:20 CST" name="Default suite" finished-at="2022-12-04T11:39:21 CST" duration-ms="130">
    <groups>
    </groups>
    <test started-at="2022-12-04T11:39:20 CST" name="Default test" finished-at="2022-12-04T11:39:21 CST" duration-ms="130">
      <class name="Assignment2.CodingAssignment.CodingAssignment4">
        <test-method signature="method1()[pri:0, instance:Assignment2.CodingAssignment.CodingAssignment4@6fdbe764]" started-at="2022-12-04T11:39:20 CST" name="method1" finished-at="2022-12-04T11:39:21 CST" duration-ms="15" status="PASS">
          <reporter-output>
          </reporter-output>
        </test-method> <!-- method1 -->
        <test-method signature="method2()[pri:0, instance:Assignment2.CodingAssignment.CodingAssignment4@6fdbe764]" started-at="2022-12-04T11:39:21 CST" name="method2" finished-at="2022-12-04T11:39:21 CST" duration-ms="2" status="PASS">
          <reporter-output>
          </reporter-output>
        </test-method> <!-- method2 -->
      </class> <!-- Assignment2.CodingAssignment.CodingAssignment4 -->
    </test> <!-- Default test -->
  </suite> <!-- Default suite -->
</testng-results>
