<?xml version="1.0" encoding="UTF-8"?>
<testng-results ignored="0" total="2" passed="2" failed="0" skipped="0">
  <reporter-output>
  </reporter-output>
  <suite started-at="2022-12-03T18:57:53 CST" name="Default suite" finished-at="2022-12-03T18:57:53 CST" duration-ms="118">
    <groups>
    </groups>
    <test started-at="2022-12-03T18:57:53 CST" name="Default test" finished-at="2022-12-03T18:57:53 CST" duration-ms="118">
      <class name="Assignment2.CodingAssignment.CodingAssignment1">
        <test-method signature="helloUpper()[pri:0, instance:Assignment2.CodingAssignment.CodingAssignment1@6fdbe764]" started-at="2022-12-03T18:57:53 CST" name="helloUpper" finished-at="2022-12-03T18:57:53 CST" duration-ms="14" status="PASS">
          <reporter-output>
          </reporter-output>
        </test-method> <!-- helloUpper -->
        <test-method signature="printHello()[pri:0, instance:Assignment2.CodingAssignment.CodingAssignment1@6fdbe764]" started-at="2022-12-03T18:57:53 CST" name="printHello" finished-at="2022-12-03T18:57:53 CST" duration-ms="2" status="PASS">
          <reporter-output>
          </reporter-output>
        </test-method> <!-- printHello -->
      </class> <!-- Assignment2.CodingAssignment.CodingAssignment1 -->
    </test> <!-- Default test -->
  </suite> <!-- Default suite -->
</testng-results>
