<?xml version="1.0" encoding="UTF-8"?>
<!-- Generated by org.testng.reporters.JUnitXMLReporter -->
<testsuite ignored="0" hostname="Pallavi-Sadhus-MacBook-Air.local" failures="0" tests="2" name="Default test" time="0.118" errors="0" timestamp="2022-12-03T18:57:53 CST">
  <testcase classname="Assignment2.CodingAssignment.CodingAssignment1" name="helloUpper" time="0.014"/>
  <testcase classname="Assignment2.CodingAssignment.CodingAssignment1" name="printHello" time="0.002"/>
</testsuite> <!-- Default test -->
