<?xml version="1.0" encoding="UTF-8"?>
<!-- Generated by org.testng.reporters.JUnitXMLReporter -->
<testsuite ignored="0" hostname="Pallavi-Sadhus-MacBook-Air.local" failures="0" tests="2" name="Default test" time="0.13" errors="0" timestamp="2022-12-04T11:39:21 CST">
  <testcase classname="Assignment2.CodingAssignment.CodingAssignment4" name="method1" time="0.015"/>
  <testcase classname="Assignment2.CodingAssignment.CodingAssignment4" name="method2" time="0.002"/>
</testsuite> <!-- Default test -->
